<?xml version="1.0" encoding="UTF-8"?>
<!-- Generated by org.testng.reporters.JUnitReportReporter -->
<testsuite hostname="DESKTOP-5GGIG54" name="com.amazon.test.LoginScript" tests="1" failures="0" timestamp="19 Sep 2017 05:18:47 GMT" time="126.975" errors="0">
  <testcase name="validCredentials" time="126.975" classname="com.amazon.test.LoginScript"/>
</testsuite> <!-- com.amazon.test.LoginScript -->
