<?xml version="1.0" encoding="UTF-8"?>
<!-- Generated by org.testng.reporters.JUnitReportReporter -->
<testsuite hostname="DESKTOP-5GGIG54" name="com.amazon.test.CategoryScript" tests="1" failures="0" timestamp="19 Sep 2017 05:18:47 GMT" time="13.570" errors="0">
  <testcase name="categoryValid" time="13.570" classname="com.amazon.test.CategoryScript"/>
</testsuite> <!-- com.amazon.test.CategoryScript -->
