<?xml version="1.0" encoding="UTF-8"?>
<!-- Generated by org.testng.reporters.JUnitReportReporter -->
<testsuite hostname="DESKTOP-5GGIG54" name="com.amazon.test.category.CategoryScript" tests="1" failures="0" timestamp="19 Sep 2017 14:14:06 GMT" time="42.708" errors="0">
  <testcase name="categoryValid" time="42.708" classname="com.amazon.test.category.CategoryScript"/>
</testsuite> <!-- com.amazon.test.category.CategoryScript -->
